<?xml version="1.0" encoding="UTF-8"?>
<!-- Generated by org.testng.reporters.JUnitXMLReporter -->
<testsuite ignored="0" hostname="LAPTOP-J6JSJEKO" failures="0" tests="3" name="Command line test" time="0.079" errors="0" timestamp="2021-08-06T19:41:03 IST">
  <testcase classname="mavenselenium.Mavenjava.AppiumTest" name="Appium" time="0.008"/>
  <testcase classname="mavenselenium.Mavenjava.RestAssuredTest" name="RestTesting" time="0.0"/>
  <testcase classname="mavenselenium.Mavenjava.SeleniumTest" name="SeleniumTesting" time="0.0"/>
</testsuite> <!-- Command line test -->
