<?xml version="1.0" encoding="UTF-8"?>
<testng-results ignored="0" total="2" passed="2" failed="0" skipped="0">
  <reporter-output>
  </reporter-output>
  <suite started-at="2021-08-06T12:05:15 IST" name="Surefire suite" finished-at="2021-08-06T12:05:16 IST" duration-ms="117">
    <groups>
    </groups>
    <test started-at="2021-08-06T12:05:15 IST" name="Surefire test" finished-at="2021-08-06T12:05:16 IST" duration-ms="117">
      <class name="mavenselenium.Mavenjava.RestAssuredTest">
        <test-method signature="RestTesting()[pri:0, instance:mavenselenium.Mavenjava.RestAssuredTest@5ea434c8]" started-at="2021-08-06T12:05:16 IST" name="RestTesting" finished-at="2021-08-06T12:05:16 IST" duration-ms="8" status="PASS">
          <reporter-output>
          </reporter-output>
        </test-method> <!-- RestTesting -->
      </class> <!-- mavenselenium.Mavenjava.RestAssuredTest -->
      <class name="mavenselenium.Mavenjava.SeleniumTest">
        <test-method signature="SeleniumTesting()[pri:0, instance:mavenselenium.Mavenjava.SeleniumTest@7d68ef40]" started-at="2021-08-06T12:05:16 IST" name="SeleniumTesting" finished-at="2021-08-06T12:05:16 IST" duration-ms="2" status="PASS">
          <reporter-output>
          </reporter-output>
        </test-method> <!-- SeleniumTesting -->
      </class> <!-- mavenselenium.Mavenjava.SeleniumTest -->
    </test> <!-- Surefire test -->
  </suite> <!-- Surefire suite -->
</testng-results>
