<?xml version="1.0" encoding="UTF-8"?>
<!-- Generated by org.testng.reporters.JUnitXMLReporter -->
<testsuite ignored="0" hostname="LAPTOP-J6JSJEKO" failures="0" tests="3" name="Test" time="0.07" errors="0" timestamp="2021-08-06T20:40:50 IST">
  <testcase classname="mavenselenium.Mavenjava.RestAssuredTest" name="RestTesting" time="0.006"/>
  <testcase classname="mavenselenium.Mavenjava.SeleniumTest" name="SeleniumTesting" time="0.001"/>
  <testcase classname="mavenselenium.Mavenjava.AppiumTest" name="Appium" time="0.0"/>
</testsuite> <!-- Test -->
