<?xml version="1.0" encoding="UTF-8"?>
<testng-results ignored="0" total="3" passed="3" failed="0" skipped="0">
  <reporter-output>
  </reporter-output>
  <suite started-at="2021-08-06T20:40:49 IST" name="Suite" finished-at="2021-08-06T20:40:49 IST" duration-ms="70">
    <groups>
      <group name="Smoke">
        <method signature="AppiumTest.Appium()[pri:0, instance:mavenselenium.Mavenjava.AppiumTest@4e096385]" name="Appium" class="mavenselenium.Mavenjava.AppiumTest"/>
      </group> <!-- Smoke -->
    </groups>
    <test started-at="2021-08-06T20:40:49 IST" name="Test" finished-at="2021-08-06T20:40:49 IST" duration-ms="70">
      <class name="mavenselenium.Mavenjava.RestAssuredTest">
        <test-method signature="RestTesting()[pri:0, instance:mavenselenium.Mavenjava.RestAssuredTest@c333c60]" started-at="2021-08-06T20:40:49 IST" name="RestTesting" finished-at="2021-08-06T20:40:49 IST" duration-ms="6" status="PASS">
          <reporter-output>
          </reporter-output>
        </test-method> <!-- RestTesting -->
      </class> <!-- mavenselenium.Mavenjava.RestAssuredTest -->
      <class name="mavenselenium.Mavenjava.SeleniumTest">
        <test-method signature="SeleniumTesting()[pri:0, instance:mavenselenium.Mavenjava.SeleniumTest@27ff5d15]" started-at="2021-08-06T20:40:49 IST" name="SeleniumTesting" finished-at="2021-08-06T20:40:49 IST" duration-ms="1" status="PASS">
          <reporter-output>
          </reporter-output>
        </test-method> <!-- SeleniumTesting -->
      </class> <!-- mavenselenium.Mavenjava.SeleniumTest -->
      <class name="mavenselenium.Mavenjava.AppiumTest">
        <test-method signature="Appium()[pri:0, instance:mavenselenium.Mavenjava.AppiumTest@4e096385]" started-at="2021-08-06T20:40:49 IST" name="Appium" finished-at="2021-08-06T20:40:49 IST" duration-ms="0" status="PASS">
          <reporter-output>
          </reporter-output>
        </test-method> <!-- Appium -->
      </class> <!-- mavenselenium.Mavenjava.AppiumTest -->
    </test> <!-- Test -->
  </suite> <!-- Suite -->
</testng-results>
