<?xml version="1.0" encoding="UTF-8"?>
<testng-results ignored="0" total="1" passed="1" failed="0" skipped="0">
  <reporter-output>
  </reporter-output>
  <suite started-at="2021-08-06T11:38:03 IST" name="Default suite" finished-at="2021-08-06T11:38:04 IST" duration-ms="320">
    <groups>
    </groups>
    <test started-at="2021-08-06T11:38:03 IST" name="Default test" finished-at="2021-08-06T11:38:04 IST" duration-ms="320">
      <class name="mavenselenium.Mavenjava.RestAssuredTest">
        <test-method signature="RestTesting()[pri:0, instance:mavenselenium.Mavenjava.RestAssuredTest@4ac3c60d]" started-at="2021-08-06T11:38:04 IST" name="RestTesting" finished-at="2021-08-06T11:38:04 IST" duration-ms="19" status="PASS">
          <reporter-output>
          </reporter-output>
        </test-method> <!-- RestTesting -->
      </class> <!-- mavenselenium.Mavenjava.RestAssuredTest -->
    </test> <!-- Default test -->
  </suite> <!-- Default suite -->
</testng-results>
